<?xml version="1.0" encoding="UTF-8"?>
<!-- Generated by org.testng.reporters.JUnitXMLReporter -->
<testsuite ignored="0" hostname="DESKTOP-B4CBSLC" failures="0" tests="6" name="Default test" time="4.965" errors="0" timestamp="2023-11-26T12:58:19 IST">
  <testcase classname="Request.Sec7_Lec33_DynamicJson" name="AddBook" time="3.932"/>
  <testcase classname="Request.Sec7_Lec33_DynamicJson" name="AddBook" time="0.196"/>
  <testcase classname="Request.Sec7_Lec33_DynamicJson" name="AddBook" time="0.196"/>
  <testcase classname="Request.Sec7_Lec33_DynamicJson" name="DeleteBook" time="0.176"/>
  <testcase classname="Request.Sec7_Lec33_DynamicJson" name="DeleteBook" time="0.132"/>
  <testcase classname="Request.Sec7_Lec33_DynamicJson" name="DeleteBook" time="0.132"/>
</testsuite> <!-- Default test -->
