<?xml version="1.0" encoding="UTF-8"?>
<testng-results ignored="0" total="6" passed="6" failed="0" skipped="0">
  <reporter-output>
  </reporter-output>
  <suite started-at="2023-11-26T12:58:14 IST" name="Default suite" finished-at="2023-11-26T12:58:19 IST" duration-ms="4965">
    <groups>
    </groups>
    <test started-at="2023-11-26T12:58:14 IST" name="Default test" finished-at="2023-11-26T12:58:19 IST" duration-ms="4965">
      <class name="Request.Sec7_Lec33_DynamicJson">
        <test-method signature="AddBook(java.lang.String,java.lang.String)[pri:0, instance:Request.Sec7_Lec33_DynamicJson@d5b810e]" started-at="2023-11-26T12:58:14 IST" name="AddBook" data-provider="BooksData" finished-at="2023-11-26T12:58:18 IST" duration-ms="3932" status="PASS">
          <params>
            <param index="0">
              <value>
                <![CDATA[9865]]>
              </value>
            </param>
            <param index="1">
              <value>
                <![CDATA[Paris]]>
              </value>
            </param>
          </params>
          <reporter-output>
          </reporter-output>
        </test-method> <!-- AddBook -->
        <test-method signature="AddBook(java.lang.String,java.lang.String)[pri:0, instance:Request.Sec7_Lec33_DynamicJson@d5b810e]" started-at="2023-11-26T12:58:18 IST" name="AddBook" data-provider="BooksData" finished-at="2023-11-26T12:58:18 IST" duration-ms="196" status="PASS">
          <params>
            <param index="0">
              <value>
                <![CDATA[0909]]>
              </value>
            </param>
            <param index="1">
              <value>
                <![CDATA[Veloni]]>
              </value>
            </param>
          </params>
          <reporter-output>
          </reporter-output>
        </test-method> <!-- AddBook -->
        <test-method signature="AddBook(java.lang.String,java.lang.String)[pri:0, instance:Request.Sec7_Lec33_DynamicJson@d5b810e]" started-at="2023-11-26T12:58:18 IST" name="AddBook" data-provider="BooksData" finished-at="2023-11-26T12:58:18 IST" duration-ms="196" status="PASS">
          <params>
            <param index="0">
              <value>
                <![CDATA[05050]]>
              </value>
            </param>
            <param index="1">
              <value>
                <![CDATA[Farzi]]>
              </value>
            </param>
          </params>
          <reporter-output>
          </reporter-output>
        </test-method> <!-- AddBook -->
        <test-method signature="DeleteBook(java.lang.String,java.lang.String)[pri:0, instance:Request.Sec7_Lec33_DynamicJson@d5b810e]" started-at="2023-11-26T12:58:18 IST" name="DeleteBook" data-provider="BooksData" finished-at="2023-11-26T12:58:18 IST" duration-ms="176" status="PASS">
          <params>
            <param index="0">
              <value>
                <![CDATA[9865]]>
              </value>
            </param>
            <param index="1">
              <value>
                <![CDATA[Paris]]>
              </value>
            </param>
          </params>
          <reporter-output>
          </reporter-output>
        </test-method> <!-- DeleteBook -->
        <test-method signature="DeleteBook(java.lang.String,java.lang.String)[pri:0, instance:Request.Sec7_Lec33_DynamicJson@d5b810e]" started-at="2023-11-26T12:58:18 IST" name="DeleteBook" data-provider="BooksData" finished-at="2023-11-26T12:58:18 IST" duration-ms="132" status="PASS">
          <params>
            <param index="0">
              <value>
                <![CDATA[0909]]>
              </value>
            </param>
            <param index="1">
              <value>
                <![CDATA[Veloni]]>
              </value>
            </param>
          </params>
          <reporter-output>
          </reporter-output>
        </test-method> <!-- DeleteBook -->
        <test-method signature="DeleteBook(java.lang.String,java.lang.String)[pri:0, instance:Request.Sec7_Lec33_DynamicJson@d5b810e]" started-at="2023-11-26T12:58:18 IST" name="DeleteBook" data-provider="BooksData" finished-at="2023-11-26T12:58:19 IST" duration-ms="132" status="PASS">
          <params>
            <param index="0">
              <value>
                <![CDATA[05050]]>
              </value>
            </param>
            <param index="1">
              <value>
                <![CDATA[Farzi]]>
              </value>
            </param>
          </params>
          <reporter-output>
          </reporter-output>
        </test-method> <!-- DeleteBook -->
      </class> <!-- Request.Sec7_Lec33_DynamicJson -->
    </test> <!-- Default test -->
  </suite> <!-- Default suite -->
</testng-results>
